<?xml version="1.0" encoding="UTF-8"?>
<!-- Generated by org.testng.reporters.JUnitXMLReporter -->
<testsuite ignored="0" hostname="DESKTOP-3B5B190" failures="1" tests="2" name="Testcase3" time="6.327" errors="0" timestamp="2021-06-21T14:24:54 IST">
  <testcase classname="Academy.ValidateTitle" name="HomeBanner" time="0.062"/>
  <testcase classname="Academy.ValidateTitle" name="HomepageTitleTestcase" time="0.056">
    <failure type="java.lang.AssertionError" message="expected [FEATURED COURSES123] but found [FEATURED COURSES]">
      <![CDATA[java.lang.AssertionError: expected [FEATURED COURSES123] but found [FEATURED COURSES]
at Academy.ValidateTitle.HomepageTitleTestcase(ValidateTitle.java:41)
at java.base/java.util.ArrayList.forEach(ArrayList.java:1511)
at java.base/java.util.concurrent.FutureTask.run(FutureTask.java:264)
at java.base/java.util.concurrent.ThreadPoolExecutor.runWorker(ThreadPoolExecutor.java:1130)
at java.base/java.util.concurrent.ThreadPoolExecutor$Worker.run(ThreadPoolExecutor.java:630)
at java.base/java.lang.Thread.run(Thread.java:832)
... Removed 24 stack frames]]>
    </failure>
  </testcase> <!-- HomepageTitleTestcase -->
</testsuite> <!-- Testcase3 -->
